<?xml version="1.0" encoding="UTF-8"?>
<!-- Generated by org.testng.reporters.JUnitReportReporter -->
<testsuite hostname="arjuna" failures="0" tests="1" name="testpkg.BMaintest" time="1.447" errors="0" timestamp="2024-06-09T11:27:02 IST" skipped="0">
  <testcase classname="testpkg.BMaintest" name="logintest" time="1.447"/>
  <system-out/>
</testsuite> <!-- testpkg.BMaintest -->
